[2024-11-16T07:37:56.645+0000] {local_task_job_runner.py:123} INFO - ::group::Pre task execution logs
[2024-11-16T07:37:56.790+0000] {taskinstance.py:2612} INFO - Dependencies all met for dep_context=non-requeueable deps ti=<TaskInstance: airflowscript.into_kafka scheduled__2024-11-16T07:30:00+00:00 [queued]>
[2024-11-16T07:37:56.848+0000] {taskinstance.py:2612} INFO - Dependencies all met for dep_context=requeueable deps ti=<TaskInstance: airflowscript.into_kafka scheduled__2024-11-16T07:30:00+00:00 [queued]>
[2024-11-16T07:37:56.853+0000] {taskinstance.py:2865} INFO - Starting attempt 1 of 2
[2024-11-16T07:37:56.985+0000] {taskinstance.py:2888} INFO - Executing <Task(BashOperator): into_kafka> on 2024-11-16 07:30:00+00:00
[2024-11-16T07:37:57.123+0000] {standard_task_runner.py:104} INFO - Running: ['***', 'tasks', 'run', '***script', 'into_kafka', 'scheduled__2024-11-16T07:30:00+00:00', '--job-id', '5', '--raw', '--subdir', 'DAGS_FOLDER/***script.py', '--cfg-path', '/tmp/tmpbb6qnnzu']
[2024-11-16T07:37:57.174+0000] {standard_task_runner.py:105} INFO - Job 5: Subtask into_kafka
[2024-11-16T07:37:57.158+0000] {logging_mixin.py:190} WARNING - /home/***/.local/lib/python3.12/site-packages/***/task/task_runner/standard_task_runner.py:70 DeprecationWarning: This process (pid=186) is multi-threaded, use of fork() may lead to deadlocks in the child.
[2024-11-16T07:37:57.190+0000] {standard_task_runner.py:72} INFO - Started process 190 to run task
[2024-11-16T07:37:57.974+0000] {task_command.py:467} INFO - Running <TaskInstance: airflowscript.into_kafka scheduled__2024-11-16T07:30:00+00:00 [running]> on host 5a5cd077126a
[2024-11-16T07:37:58.207+0000] {taskinstance.py:3131} INFO - Exporting env vars: AIRFLOW_CTX_DAG_OWNER='Russell Westbrook' AIRFLOW_CTX_DAG_ID='***script' AIRFLOW_CTX_TASK_ID='into_kafka' AIRFLOW_CTX_EXECUTION_DATE='2024-11-16T07:30:00+00:00' AIRFLOW_CTX_TRY_NUMBER='1' AIRFLOW_CTX_DAG_RUN_ID='scheduled__2024-11-16T07:30:00+00:00'
[2024-11-16T07:37:58.209+0000] {taskinstance.py:731} INFO - ::endgroup::
[2024-11-16T07:37:58.255+0000] {subprocess.py:63} INFO - Tmp dir root location: /tmp
[2024-11-16T07:37:58.257+0000] {subprocess.py:75} INFO - Running command: ['/usr/bin/bash', '-c', 'python /opt/***/main/kafkascript.py']
[2024-11-16T07:37:58.273+0000] {subprocess.py:86} INFO - Output:
[2024-11-16T07:38:00.847+0000] {subprocess.py:93} INFO - {
[2024-11-16T07:38:00.849+0000] {subprocess.py:93} INFO -     "gender": "female",
[2024-11-16T07:38:00.852+0000] {subprocess.py:93} INFO -     "name": {
[2024-11-16T07:38:00.853+0000] {subprocess.py:93} INFO -         "title": "Ms",
[2024-11-16T07:38:00.853+0000] {subprocess.py:93} INFO -         "firstname": "Sof\u00eda",
[2024-11-16T07:38:00.855+0000] {subprocess.py:93} INFO -         "lastname": "Oquendo"
[2024-11-16T07:38:00.860+0000] {subprocess.py:93} INFO -     },
[2024-11-16T07:38:00.863+0000] {subprocess.py:93} INFO -     "dob": "1982-06-05T10:11:35.678Z",
[2024-11-16T07:38:00.864+0000] {subprocess.py:93} INFO -     "address": {
[2024-11-16T07:38:00.866+0000] {subprocess.py:93} INFO -         "main": "3443 Ampliaci\u00f3n Sur Rael",
[2024-11-16T07:38:00.868+0000] {subprocess.py:93} INFO -         "postalcode": 93712,
[2024-11-16T07:38:00.872+0000] {subprocess.py:93} INFO -         "city": "San Agustin Etla",
[2024-11-16T07:38:00.873+0000] {subprocess.py:93} INFO -         "state": "Sinaloa",
[2024-11-16T07:38:00.874+0000] {subprocess.py:93} INFO -         "country": "Mexico"
[2024-11-16T07:38:00.875+0000] {subprocess.py:93} INFO -     },
[2024-11-16T07:38:00.879+0000] {subprocess.py:93} INFO -     "contact": {
[2024-11-16T07:38:00.883+0000] {subprocess.py:93} INFO -         "email": "sofia.oquendo@example.com",
[2024-11-16T07:38:00.884+0000] {subprocess.py:93} INFO -         "phone": "(657) 731 5485"
[2024-11-16T07:38:00.888+0000] {subprocess.py:93} INFO -     }
[2024-11-16T07:38:00.891+0000] {subprocess.py:93} INFO - }
[2024-11-16T07:38:01.002+0000] {subprocess.py:97} INFO - Command exited with return code 0
[2024-11-16T07:38:01.066+0000] {taskinstance.py:340} INFO - ::group::Post task execution logs
[2024-11-16T07:38:01.070+0000] {taskinstance.py:352} INFO - Marking task as SUCCESS. dag_id=***script, task_id=into_kafka, run_id=scheduled__2024-11-16T07:30:00+00:00, execution_date=20241116T073000, start_date=20241116T073756, end_date=20241116T073801
[2024-11-16T07:38:01.166+0000] {local_task_job_runner.py:266} INFO - Task exited with return code 0
[2024-11-16T07:38:01.216+0000] {taskinstance.py:3900} INFO - 0 downstream tasks scheduled from follow-on schedule check
[2024-11-16T07:38:01.219+0000] {local_task_job_runner.py:245} INFO - ::endgroup::
