[2024-11-16T07:46:24.901+0000] {local_task_job_runner.py:123} INFO - ::group::Pre task execution logs
[2024-11-16T07:46:24.933+0000] {taskinstance.py:2612} INFO - Dependencies all met for dep_context=non-requeueable deps ti=<TaskInstance: airflowscript.into_kafka scheduled__2024-11-16T07:40:00+00:00 [queued]>
[2024-11-16T07:46:24.951+0000] {taskinstance.py:2612} INFO - Dependencies all met for dep_context=requeueable deps ti=<TaskInstance: airflowscript.into_kafka scheduled__2024-11-16T07:40:00+00:00 [queued]>
[2024-11-16T07:46:24.952+0000] {taskinstance.py:2865} INFO - Starting attempt 1 of 2
[2024-11-16T07:46:24.990+0000] {taskinstance.py:2888} INFO - Executing <Task(BashOperator): into_kafka> on 2024-11-16 07:40:00+00:00
[2024-11-16T07:46:25.000+0000] {standard_task_runner.py:104} INFO - Running: ['***', 'tasks', 'run', '***script', 'into_kafka', 'scheduled__2024-11-16T07:40:00+00:00', '--job-id', '2', '--raw', '--subdir', 'DAGS_FOLDER/***script.py', '--cfg-path', '/tmp/tmps5qc1v0_']
[2024-11-16T07:46:25.004+0000] {standard_task_runner.py:105} INFO - Job 2: Subtask into_kafka
[2024-11-16T07:46:25.010+0000] {logging_mixin.py:190} WARNING - /home/***/.local/lib/python3.12/site-packages/***/task/task_runner/standard_task_runner.py:70 DeprecationWarning: This process (pid=176) is multi-threaded, use of fork() may lead to deadlocks in the child.
[2024-11-16T07:46:25.012+0000] {standard_task_runner.py:72} INFO - Started process 177 to run task
[2024-11-16T07:46:25.084+0000] {task_command.py:467} INFO - Running <TaskInstance: airflowscript.into_kafka scheduled__2024-11-16T07:40:00+00:00 [running]> on host 649e81d8251a
[2024-11-16T07:46:25.577+0000] {taskinstance.py:3131} INFO - Exporting env vars: AIRFLOW_CTX_DAG_OWNER='Russell Westbrook' AIRFLOW_CTX_DAG_ID='***script' AIRFLOW_CTX_TASK_ID='into_kafka' AIRFLOW_CTX_EXECUTION_DATE='2024-11-16T07:40:00+00:00' AIRFLOW_CTX_TRY_NUMBER='1' AIRFLOW_CTX_DAG_RUN_ID='scheduled__2024-11-16T07:40:00+00:00'
[2024-11-16T07:46:25.588+0000] {taskinstance.py:731} INFO - ::endgroup::
[2024-11-16T07:46:25.680+0000] {subprocess.py:63} INFO - Tmp dir root location: /tmp
[2024-11-16T07:46:25.682+0000] {subprocess.py:75} INFO - Running command: ['/usr/bin/bash', '-c', 'python /opt/***/main/kafkascript.py']
[2024-11-16T07:46:25.692+0000] {subprocess.py:86} INFO - Output:
[2024-11-16T07:46:30.236+0000] {subprocess.py:93} INFO - {
[2024-11-16T07:46:30.237+0000] {subprocess.py:93} INFO -     "gender": "female",
[2024-11-16T07:46:30.238+0000] {subprocess.py:93} INFO -     "name": {
[2024-11-16T07:46:30.239+0000] {subprocess.py:93} INFO -         "title": "Miss",
[2024-11-16T07:46:30.239+0000] {subprocess.py:93} INFO -         "firstname": "Cynthia",
[2024-11-16T07:46:30.240+0000] {subprocess.py:93} INFO -         "lastname": "Colunga"
[2024-11-16T07:46:30.241+0000] {subprocess.py:93} INFO -     },
[2024-11-16T07:46:30.242+0000] {subprocess.py:93} INFO -     "dob": "1955-02-19T16:25:33.488Z",
[2024-11-16T07:46:30.244+0000] {subprocess.py:93} INFO -     "address": {
[2024-11-16T07:46:30.244+0000] {subprocess.py:93} INFO -         "main": "202 Continuaci\u00f3n Baja California Sur",
[2024-11-16T07:46:30.245+0000] {subprocess.py:93} INFO -         "postalcode": 24295,
[2024-11-16T07:46:30.246+0000] {subprocess.py:93} INFO -         "city": "Ejido Quer\u00e9taro",
[2024-11-16T07:46:30.247+0000] {subprocess.py:93} INFO -         "state": "Veracruz",
[2024-11-16T07:46:30.248+0000] {subprocess.py:93} INFO -         "country": "Mexico"
[2024-11-16T07:46:30.249+0000] {subprocess.py:93} INFO -     },
[2024-11-16T07:46:30.249+0000] {subprocess.py:93} INFO -     "contact": {
[2024-11-16T07:46:30.250+0000] {subprocess.py:93} INFO -         "email": "cynthia.colunga@example.com",
[2024-11-16T07:46:30.251+0000] {subprocess.py:93} INFO -         "phone": "(618) 496 5323"
[2024-11-16T07:46:30.251+0000] {subprocess.py:93} INFO -     }
[2024-11-16T07:46:30.252+0000] {subprocess.py:93} INFO - }
[2024-11-16T07:46:30.305+0000] {subprocess.py:97} INFO - Command exited with return code 0
[2024-11-16T07:46:30.336+0000] {taskinstance.py:340} INFO - ::group::Post task execution logs
[2024-11-16T07:46:30.337+0000] {taskinstance.py:352} INFO - Marking task as SUCCESS. dag_id=***script, task_id=into_kafka, run_id=scheduled__2024-11-16T07:40:00+00:00, execution_date=20241116T074000, start_date=20241116T074624, end_date=20241116T074630
[2024-11-16T07:46:30.364+0000] {local_task_job_runner.py:266} INFO - Task exited with return code 0
[2024-11-16T07:46:30.382+0000] {taskinstance.py:3900} INFO - 0 downstream tasks scheduled from follow-on schedule check
[2024-11-16T07:46:30.500+0000] {local_task_job_runner.py:245} INFO - ::endgroup::
