[2024-11-16T07:40:00.547+0000] {local_task_job_runner.py:123} INFO - ::group::Pre task execution logs
[2024-11-16T07:40:00.581+0000] {taskinstance.py:2612} INFO - Dependencies all met for dep_context=non-requeueable deps ti=<TaskInstance: airflowscript.into_kafka scheduled__2024-11-16T07:35:00+00:00 [queued]>
[2024-11-16T07:40:00.603+0000] {taskinstance.py:2612} INFO - Dependencies all met for dep_context=requeueable deps ti=<TaskInstance: airflowscript.into_kafka scheduled__2024-11-16T07:35:00+00:00 [queued]>
[2024-11-16T07:40:00.604+0000] {taskinstance.py:2865} INFO - Starting attempt 1 of 2
[2024-11-16T07:40:00.632+0000] {taskinstance.py:2888} INFO - Executing <Task(BashOperator): into_kafka> on 2024-11-16 07:35:00+00:00
[2024-11-16T07:40:00.648+0000] {standard_task_runner.py:104} INFO - Running: ['***', 'tasks', 'run', '***script', 'into_kafka', 'scheduled__2024-11-16T07:35:00+00:00', '--job-id', '7', '--raw', '--subdir', 'DAGS_FOLDER/***script.py', '--cfg-path', '/tmp/tmpx82o4k0m']
[2024-11-16T07:40:00.657+0000] {standard_task_runner.py:105} INFO - Job 7: Subtask into_kafka
[2024-11-16T07:40:00.668+0000] {logging_mixin.py:190} WARNING - /home/***/.local/lib/python3.12/site-packages/***/task/task_runner/standard_task_runner.py:70 DeprecationWarning: This process (pid=239) is multi-threaded, use of fork() may lead to deadlocks in the child.
[2024-11-16T07:40:00.670+0000] {standard_task_runner.py:72} INFO - Started process 240 to run task
[2024-11-16T07:40:00.774+0000] {task_command.py:467} INFO - Running <TaskInstance: airflowscript.into_kafka scheduled__2024-11-16T07:35:00+00:00 [running]> on host 5a5cd077126a
[2024-11-16T07:40:00.965+0000] {taskinstance.py:3131} INFO - Exporting env vars: AIRFLOW_CTX_DAG_OWNER='Russell Westbrook' AIRFLOW_CTX_DAG_ID='***script' AIRFLOW_CTX_TASK_ID='into_kafka' AIRFLOW_CTX_EXECUTION_DATE='2024-11-16T07:35:00+00:00' AIRFLOW_CTX_TRY_NUMBER='1' AIRFLOW_CTX_DAG_RUN_ID='scheduled__2024-11-16T07:35:00+00:00'
[2024-11-16T07:40:00.966+0000] {taskinstance.py:731} INFO - ::endgroup::
[2024-11-16T07:40:01.003+0000] {subprocess.py:63} INFO - Tmp dir root location: /tmp
[2024-11-16T07:40:01.005+0000] {subprocess.py:75} INFO - Running command: ['/usr/bin/bash', '-c', 'python /opt/***/main/kafkascript.py']
[2024-11-16T07:40:01.019+0000] {subprocess.py:86} INFO - Output:
[2024-11-16T07:40:03.544+0000] {subprocess.py:93} INFO - {
[2024-11-16T07:40:03.545+0000] {subprocess.py:93} INFO -     "gender": "male",
[2024-11-16T07:40:03.545+0000] {subprocess.py:93} INFO -     "name": {
[2024-11-16T07:40:03.547+0000] {subprocess.py:93} INFO -         "title": "Mr",
[2024-11-16T07:40:03.548+0000] {subprocess.py:93} INFO -         "firstname": "\u0622\u0631\u0645\u06cc\u0646",
[2024-11-16T07:40:03.548+0000] {subprocess.py:93} INFO -         "lastname": "\u0633\u0627\u0644\u0627\u0631\u06cc"
[2024-11-16T07:40:03.549+0000] {subprocess.py:93} INFO -     },
[2024-11-16T07:40:03.550+0000] {subprocess.py:93} INFO -     "dob": "1946-05-02T07:37:42.241Z",
[2024-11-16T07:40:03.551+0000] {subprocess.py:93} INFO -     "address": {
[2024-11-16T07:40:03.551+0000] {subprocess.py:93} INFO -         "main": "3988 \u0647\u0648\u06cc\u0632\u0647",
[2024-11-16T07:40:03.552+0000] {subprocess.py:93} INFO -         "postalcode": 52933,
[2024-11-16T07:40:03.553+0000] {subprocess.py:93} INFO -         "city": "\u062a\u0628\u0631\u06cc\u0632",
[2024-11-16T07:40:03.554+0000] {subprocess.py:93} INFO -         "state": "\u0622\u0630\u0631\u0628\u0627\u06cc\u062c\u0627\u0646 \u0634\u0631\u0642\u06cc",
[2024-11-16T07:40:03.554+0000] {subprocess.py:93} INFO -         "country": "Iran"
[2024-11-16T07:40:03.555+0000] {subprocess.py:93} INFO -     },
[2024-11-16T07:40:03.556+0000] {subprocess.py:93} INFO -     "contact": {
[2024-11-16T07:40:03.557+0000] {subprocess.py:93} INFO -         "email": "armyn.slry@example.com",
[2024-11-16T07:40:03.557+0000] {subprocess.py:93} INFO -         "phone": "011-30334560"
[2024-11-16T07:40:03.558+0000] {subprocess.py:93} INFO -     }
[2024-11-16T07:40:03.559+0000] {subprocess.py:93} INFO - }
[2024-11-16T07:40:03.630+0000] {subprocess.py:97} INFO - Command exited with return code 0
[2024-11-16T07:40:03.674+0000] {taskinstance.py:340} INFO - ::group::Post task execution logs
[2024-11-16T07:40:03.675+0000] {taskinstance.py:352} INFO - Marking task as SUCCESS. dag_id=***script, task_id=into_kafka, run_id=scheduled__2024-11-16T07:35:00+00:00, execution_date=20241116T073500, start_date=20241116T074000, end_date=20241116T074003
[2024-11-16T07:40:03.731+0000] {local_task_job_runner.py:266} INFO - Task exited with return code 0
[2024-11-16T07:40:03.760+0000] {taskinstance.py:3900} INFO - 0 downstream tasks scheduled from follow-on schedule check
[2024-11-16T07:40:03.765+0000] {local_task_job_runner.py:245} INFO - ::endgroup::
