[2024-11-16T07:37:56.561+0000] {local_task_job_runner.py:123} INFO - ::group::Pre task execution logs
[2024-11-16T07:37:56.754+0000] {taskinstance.py:2612} INFO - Dependencies all met for dep_context=non-requeueable deps ti=<TaskInstance: airflowscript.into_kafka scheduled__2024-11-16T07:25:00+00:00 [queued]>
[2024-11-16T07:37:56.860+0000] {taskinstance.py:2612} INFO - Dependencies all met for dep_context=requeueable deps ti=<TaskInstance: airflowscript.into_kafka scheduled__2024-11-16T07:25:00+00:00 [queued]>
[2024-11-16T07:37:56.866+0000] {taskinstance.py:2865} INFO - Starting attempt 1 of 2
[2024-11-16T07:37:56.977+0000] {taskinstance.py:2888} INFO - Executing <Task(BashOperator): into_kafka> on 2024-11-16 07:25:00+00:00
[2024-11-16T07:37:57.106+0000] {standard_task_runner.py:104} INFO - Running: ['***', 'tasks', 'run', '***script', 'into_kafka', 'scheduled__2024-11-16T07:25:00+00:00', '--job-id', '6', '--raw', '--subdir', 'DAGS_FOLDER/***script.py', '--cfg-path', '/tmp/tmpc58tv373']
[2024-11-16T07:37:57.137+0000] {standard_task_runner.py:105} INFO - Job 6: Subtask into_kafka
[2024-11-16T07:37:57.192+0000] {logging_mixin.py:190} WARNING - /home/***/.local/lib/python3.12/site-packages/***/task/task_runner/standard_task_runner.py:70 DeprecationWarning: This process (pid=185) is multi-threaded, use of fork() may lead to deadlocks in the child.
[2024-11-16T07:37:57.224+0000] {standard_task_runner.py:72} INFO - Started process 189 to run task
[2024-11-16T07:37:57.914+0000] {task_command.py:467} INFO - Running <TaskInstance: airflowscript.into_kafka scheduled__2024-11-16T07:25:00+00:00 [running]> on host 5a5cd077126a
[2024-11-16T07:37:58.211+0000] {taskinstance.py:3131} INFO - Exporting env vars: AIRFLOW_CTX_DAG_OWNER='Russell Westbrook' AIRFLOW_CTX_DAG_ID='***script' AIRFLOW_CTX_TASK_ID='into_kafka' AIRFLOW_CTX_EXECUTION_DATE='2024-11-16T07:25:00+00:00' AIRFLOW_CTX_TRY_NUMBER='1' AIRFLOW_CTX_DAG_RUN_ID='scheduled__2024-11-16T07:25:00+00:00'
[2024-11-16T07:37:58.216+0000] {taskinstance.py:731} INFO - ::endgroup::
[2024-11-16T07:37:58.255+0000] {subprocess.py:63} INFO - Tmp dir root location: /tmp
[2024-11-16T07:37:58.257+0000] {subprocess.py:75} INFO - Running command: ['/usr/bin/bash', '-c', 'python /opt/***/main/kafkascript.py']
[2024-11-16T07:37:58.275+0000] {subprocess.py:86} INFO - Output:
[2024-11-16T07:38:00.847+0000] {subprocess.py:93} INFO - {
[2024-11-16T07:38:00.849+0000] {subprocess.py:93} INFO -     "gender": "female",
[2024-11-16T07:38:00.851+0000] {subprocess.py:93} INFO -     "name": {
[2024-11-16T07:38:00.854+0000] {subprocess.py:93} INFO -         "title": "Miss",
[2024-11-16T07:38:00.855+0000] {subprocess.py:93} INFO -         "firstname": "Elli",
[2024-11-16T07:38:00.856+0000] {subprocess.py:93} INFO -         "lastname": "Manner"
[2024-11-16T07:38:00.857+0000] {subprocess.py:93} INFO -     },
[2024-11-16T07:38:00.860+0000] {subprocess.py:93} INFO -     "dob": "1976-06-24T21:17:45.555Z",
[2024-11-16T07:38:00.863+0000] {subprocess.py:93} INFO -     "address": {
[2024-11-16T07:38:00.867+0000] {subprocess.py:93} INFO -         "main": "8712 Reijolankatu",
[2024-11-16T07:38:00.868+0000] {subprocess.py:93} INFO -         "postalcode": 25457,
[2024-11-16T07:38:00.869+0000] {subprocess.py:93} INFO -         "city": "Padasjoki",
[2024-11-16T07:38:00.870+0000] {subprocess.py:93} INFO -         "state": "P\u00e4ij\u00e4t-H\u00e4me",
[2024-11-16T07:38:00.873+0000] {subprocess.py:93} INFO -         "country": "Finland"
[2024-11-16T07:38:00.875+0000] {subprocess.py:93} INFO -     },
[2024-11-16T07:38:00.879+0000] {subprocess.py:93} INFO -     "contact": {
[2024-11-16T07:38:00.883+0000] {subprocess.py:93} INFO -         "email": "elli.manner@example.com",
[2024-11-16T07:38:00.884+0000] {subprocess.py:93} INFO -         "phone": "06-816-378"
[2024-11-16T07:38:00.888+0000] {subprocess.py:93} INFO -     }
[2024-11-16T07:38:00.891+0000] {subprocess.py:93} INFO - }
[2024-11-16T07:38:00.984+0000] {subprocess.py:97} INFO - Command exited with return code 0
[2024-11-16T07:38:01.037+0000] {taskinstance.py:340} INFO - ::group::Post task execution logs
[2024-11-16T07:38:01.038+0000] {taskinstance.py:352} INFO - Marking task as SUCCESS. dag_id=***script, task_id=into_kafka, run_id=scheduled__2024-11-16T07:25:00+00:00, execution_date=20241116T072500, start_date=20241116T073756, end_date=20241116T073801
[2024-11-16T07:38:01.088+0000] {local_task_job_runner.py:266} INFO - Task exited with return code 0
[2024-11-16T07:38:01.141+0000] {taskinstance.py:3900} INFO - 0 downstream tasks scheduled from follow-on schedule check
[2024-11-16T07:38:01.145+0000] {local_task_job_runner.py:245} INFO - ::endgroup::
