[2024-11-16T07:25:01.533+0000] {local_task_job_runner.py:123} INFO - ::group::Pre task execution logs
[2024-11-16T07:25:01.576+0000] {taskinstance.py:2612} INFO - Dependencies all met for dep_context=non-requeueable deps ti=<TaskInstance: airflowscript.into_kafka scheduled__2024-11-16T07:20:00+00:00 [queued]>
[2024-11-16T07:25:01.642+0000] {taskinstance.py:2612} INFO - Dependencies all met for dep_context=requeueable deps ti=<TaskInstance: airflowscript.into_kafka scheduled__2024-11-16T07:20:00+00:00 [queued]>
[2024-11-16T07:25:01.656+0000] {taskinstance.py:2865} INFO - Starting attempt 1 of 2
[2024-11-16T07:25:01.744+0000] {taskinstance.py:2888} INFO - Executing <Task(BashOperator): into_kafka> on 2024-11-16 07:20:00+00:00
[2024-11-16T07:25:01.760+0000] {standard_task_runner.py:104} INFO - Running: ['***', 'tasks', 'run', '***script', 'into_kafka', 'scheduled__2024-11-16T07:20:00+00:00', '--job-id', '3', '--raw', '--subdir', 'DAGS_FOLDER/***script.py', '--cfg-path', '/tmp/tmpg7kahslh']
[2024-11-16T07:25:01.770+0000] {standard_task_runner.py:105} INFO - Job 3: Subtask into_kafka
[2024-11-16T07:25:01.830+0000] {logging_mixin.py:190} WARNING - /home/***/.local/lib/python3.12/site-packages/***/task/task_runner/standard_task_runner.py:70 DeprecationWarning: This process (pid=191) is multi-threaded, use of fork() may lead to deadlocks in the child.
[2024-11-16T07:25:01.833+0000] {standard_task_runner.py:72} INFO - Started process 192 to run task
[2024-11-16T07:25:01.947+0000] {task_command.py:467} INFO - Running <TaskInstance: airflowscript.into_kafka scheduled__2024-11-16T07:20:00+00:00 [running]> on host 5a5cd077126a
[2024-11-16T07:25:02.571+0000] {taskinstance.py:3131} INFO - Exporting env vars: AIRFLOW_CTX_DAG_OWNER='Russell Westbrook' AIRFLOW_CTX_DAG_ID='***script' AIRFLOW_CTX_TASK_ID='into_kafka' AIRFLOW_CTX_EXECUTION_DATE='2024-11-16T07:20:00+00:00' AIRFLOW_CTX_TRY_NUMBER='1' AIRFLOW_CTX_DAG_RUN_ID='scheduled__2024-11-16T07:20:00+00:00'
[2024-11-16T07:25:02.573+0000] {taskinstance.py:731} INFO - ::endgroup::
[2024-11-16T07:25:02.640+0000] {subprocess.py:63} INFO - Tmp dir root location: /tmp
[2024-11-16T07:25:02.647+0000] {subprocess.py:75} INFO - Running command: ['/usr/bin/bash', '-c', 'python /opt/***/main/kafkascript.py']
[2024-11-16T07:25:02.671+0000] {subprocess.py:86} INFO - Output:
[2024-11-16T07:25:05.498+0000] {subprocess.py:93} INFO - {
[2024-11-16T07:25:05.499+0000] {subprocess.py:93} INFO -     "gender": "female",
[2024-11-16T07:25:05.500+0000] {subprocess.py:93} INFO -     "name": {
[2024-11-16T07:25:05.501+0000] {subprocess.py:93} INFO -         "title": "Mrs",
[2024-11-16T07:25:05.502+0000] {subprocess.py:93} INFO -         "firstname": "Chiara",
[2024-11-16T07:25:05.504+0000] {subprocess.py:93} INFO -         "lastname": "Andre"
[2024-11-16T07:25:05.505+0000] {subprocess.py:93} INFO -     },
[2024-11-16T07:25:05.506+0000] {subprocess.py:93} INFO -     "dob": "1969-04-13T17:18:42.972Z",
[2024-11-16T07:25:05.508+0000] {subprocess.py:93} INFO -     "address": {
[2024-11-16T07:25:05.508+0000] {subprocess.py:93} INFO -         "main": "6887 Rue Cyrus-Hugues",
[2024-11-16T07:25:05.509+0000] {subprocess.py:93} INFO -         "postalcode": 94937,
[2024-11-16T07:25:05.510+0000] {subprocess.py:93} INFO -         "city": "Saint-\u00c9tienne",
[2024-11-16T07:25:05.511+0000] {subprocess.py:93} INFO -         "state": "Sa\u00f4ne-et-Loire",
[2024-11-16T07:25:05.512+0000] {subprocess.py:93} INFO -         "country": "France"
[2024-11-16T07:25:05.513+0000] {subprocess.py:93} INFO -     },
[2024-11-16T07:25:05.513+0000] {subprocess.py:93} INFO -     "contact": {
[2024-11-16T07:25:05.514+0000] {subprocess.py:93} INFO -         "email": "chiara.andre@example.com",
[2024-11-16T07:25:05.515+0000] {subprocess.py:93} INFO -         "phone": "01-06-70-78-69"
[2024-11-16T07:25:05.516+0000] {subprocess.py:93} INFO -     }
[2024-11-16T07:25:05.517+0000] {subprocess.py:93} INFO - }
[2024-11-16T07:25:05.584+0000] {subprocess.py:97} INFO - Command exited with return code 0
[2024-11-16T07:25:05.619+0000] {taskinstance.py:340} INFO - ::group::Post task execution logs
[2024-11-16T07:25:05.621+0000] {taskinstance.py:352} INFO - Marking task as SUCCESS. dag_id=***script, task_id=into_kafka, run_id=scheduled__2024-11-16T07:20:00+00:00, execution_date=20241116T072000, start_date=20241116T072501, end_date=20241116T072505
[2024-11-16T07:25:05.652+0000] {local_task_job_runner.py:266} INFO - Task exited with return code 0
[2024-11-16T07:25:05.671+0000] {taskinstance.py:3900} INFO - 0 downstream tasks scheduled from follow-on schedule check
[2024-11-16T07:25:05.673+0000] {local_task_job_runner.py:245} INFO - ::endgroup::
