[2024-11-16T07:50:00.477+0000] {local_task_job_runner.py:123} INFO - ::group::Pre task execution logs
[2024-11-16T07:50:00.496+0000] {taskinstance.py:2612} INFO - Dependencies all met for dep_context=non-requeueable deps ti=<TaskInstance: airflowscript.into_kafka scheduled__2024-11-16T07:45:00+00:00 [queued]>
[2024-11-16T07:50:00.507+0000] {taskinstance.py:2612} INFO - Dependencies all met for dep_context=requeueable deps ti=<TaskInstance: airflowscript.into_kafka scheduled__2024-11-16T07:45:00+00:00 [queued]>
[2024-11-16T07:50:00.507+0000] {taskinstance.py:2865} INFO - Starting attempt 1 of 2
[2024-11-16T07:50:00.524+0000] {taskinstance.py:2888} INFO - Executing <Task(BashOperator): into_kafka> on 2024-11-16 07:45:00+00:00
[2024-11-16T07:50:00.533+0000] {standard_task_runner.py:104} INFO - Running: ['***', 'tasks', 'run', '***script', 'into_kafka', 'scheduled__2024-11-16T07:45:00+00:00', '--job-id', '3', '--raw', '--subdir', 'DAGS_FOLDER/***script.py', '--cfg-path', '/tmp/tmpa8vujxe7']
[2024-11-16T07:50:00.538+0000] {standard_task_runner.py:105} INFO - Job 3: Subtask into_kafka
[2024-11-16T07:50:00.539+0000] {logging_mixin.py:190} WARNING - /home/***/.local/lib/python3.12/site-packages/***/task/task_runner/standard_task_runner.py:70 DeprecationWarning: This process (pid=263) is multi-threaded, use of fork() may lead to deadlocks in the child.
[2024-11-16T07:50:00.541+0000] {standard_task_runner.py:72} INFO - Started process 264 to run task
[2024-11-16T07:50:00.593+0000] {task_command.py:467} INFO - Running <TaskInstance: airflowscript.into_kafka scheduled__2024-11-16T07:45:00+00:00 [running]> on host 649e81d8251a
[2024-11-16T07:50:00.706+0000] {taskinstance.py:3131} INFO - Exporting env vars: AIRFLOW_CTX_DAG_OWNER='Russell Westbrook' AIRFLOW_CTX_DAG_ID='***script' AIRFLOW_CTX_TASK_ID='into_kafka' AIRFLOW_CTX_EXECUTION_DATE='2024-11-16T07:45:00+00:00' AIRFLOW_CTX_TRY_NUMBER='1' AIRFLOW_CTX_DAG_RUN_ID='scheduled__2024-11-16T07:45:00+00:00'
[2024-11-16T07:50:00.707+0000] {taskinstance.py:731} INFO - ::endgroup::
[2024-11-16T07:50:00.739+0000] {subprocess.py:63} INFO - Tmp dir root location: /tmp
[2024-11-16T07:50:00.740+0000] {subprocess.py:75} INFO - Running command: ['/usr/bin/bash', '-c', 'python /opt/***/main/kafkascript.py']
[2024-11-16T07:50:00.749+0000] {subprocess.py:86} INFO - Output:
[2024-11-16T07:50:02.443+0000] {subprocess.py:93} INFO - {
[2024-11-16T07:50:02.445+0000] {subprocess.py:93} INFO -     "gender": "male",
[2024-11-16T07:50:02.446+0000] {subprocess.py:93} INFO -     "name": {
[2024-11-16T07:50:02.449+0000] {subprocess.py:93} INFO -         "title": "Mr",
[2024-11-16T07:50:02.453+0000] {subprocess.py:93} INFO -         "firstname": "Jagdish",
[2024-11-16T07:50:02.456+0000] {subprocess.py:93} INFO -         "lastname": "Moolya"
[2024-11-16T07:50:02.460+0000] {subprocess.py:93} INFO -     },
[2024-11-16T07:50:02.461+0000] {subprocess.py:93} INFO -     "dob": "1995-02-13T03:03:10.432Z",
[2024-11-16T07:50:02.461+0000] {subprocess.py:93} INFO -     "address": {
[2024-11-16T07:50:02.463+0000] {subprocess.py:93} INFO -         "main": "8581 Raviwar Peth",
[2024-11-16T07:50:02.464+0000] {subprocess.py:93} INFO -         "postalcode": 84440,
[2024-11-16T07:50:02.465+0000] {subprocess.py:93} INFO -         "city": "Dehri",
[2024-11-16T07:50:02.466+0000] {subprocess.py:93} INFO -         "state": "Jammu and Kashmir",
[2024-11-16T07:50:02.467+0000] {subprocess.py:93} INFO -         "country": "India"
[2024-11-16T07:50:02.468+0000] {subprocess.py:93} INFO -     },
[2024-11-16T07:50:02.469+0000] {subprocess.py:93} INFO -     "contact": {
[2024-11-16T07:50:02.470+0000] {subprocess.py:93} INFO -         "email": "jagdish.moolya@example.com",
[2024-11-16T07:50:02.472+0000] {subprocess.py:93} INFO -         "phone": "7584626604"
[2024-11-16T07:50:02.473+0000] {subprocess.py:93} INFO -     }
[2024-11-16T07:50:02.474+0000] {subprocess.py:93} INFO - }
[2024-11-16T07:50:02.578+0000] {subprocess.py:97} INFO - Command exited with return code 0
[2024-11-16T07:50:02.613+0000] {taskinstance.py:340} INFO - ::group::Post task execution logs
[2024-11-16T07:50:02.614+0000] {taskinstance.py:352} INFO - Marking task as SUCCESS. dag_id=***script, task_id=into_kafka, run_id=scheduled__2024-11-16T07:45:00+00:00, execution_date=20241116T074500, start_date=20241116T075000, end_date=20241116T075002
[2024-11-16T07:50:02.657+0000] {local_task_job_runner.py:266} INFO - Task exited with return code 0
[2024-11-16T07:50:02.683+0000] {taskinstance.py:3900} INFO - 0 downstream tasks scheduled from follow-on schedule check
[2024-11-16T07:50:02.685+0000] {local_task_job_runner.py:245} INFO - ::endgroup::
